GowinSynthesis start
Running parser ...
Analyzing Verilog file 'E:\fpga\GoWin_code_self\6_cam_udp_ddr3_480p_30fps_3\ov5640_480_272\src\cmos_8_16bit.v'
Analyzing Verilog file 'E:\fpga\GoWin_code_self\6_cam_udp_ddr3_480p_30fps_3\ov5640_480_272\src\crc32_d8.v'
Analyzing Verilog file 'E:\fpga\GoWin_code_self\6_cam_udp_ddr3_480p_30fps_3\ov5640_480_272\src\ddr3_memory_interface\DDR3_Memory_Interface_Top.v'
Analyzing Verilog file 'E:\fpga\GoWin_code_self\6_cam_udp_ddr3_480p_30fps_3\ov5640_480_272\src\ddr3_top.v'
Analyzing Verilog file 'E:\fpga\GoWin_code_self\6_cam_udp_ddr3_480p_30fps_3\ov5640_480_272\src\eth_udp_loop.v'
Undeclared symbol 'rec_pkt_done', assumed default net type 'wire'("E:\fpga\GoWin_code_self\6_cam_udp_ddr3_480p_30fps_3\ov5640_480_272\src\eth_udp_loop.v":112)
Undeclared symbol 'rec_en', assumed default net type 'wire'("E:\fpga\GoWin_code_self\6_cam_udp_ddr3_480p_30fps_3\ov5640_480_272\src\eth_udp_loop.v":113)
Undeclared symbol 'rec_data', assumed default net type 'wire'("E:\fpga\GoWin_code_self\6_cam_udp_ddr3_480p_30fps_3\ov5640_480_272\src\eth_udp_loop.v":114)
Undeclared symbol 'rec_byte_num', assumed default net type 'wire'("E:\fpga\GoWin_code_self\6_cam_udp_ddr3_480p_30fps_3\ov5640_480_272\src\eth_udp_loop.v":115)
Undeclared symbol 'tx_start_en', assumed default net type 'wire'("E:\fpga\GoWin_code_self\6_cam_udp_ddr3_480p_30fps_3\ov5640_480_272\src\eth_udp_loop.v":131)
Analyzing Verilog file 'E:\fpga\GoWin_code_self\6_cam_udp_ddr3_480p_30fps_3\ov5640_480_272\src\fifo_sc_top\image_data_fifo.v'
Analyzing Verilog file 'E:\fpga\GoWin_code_self\6_cam_udp_ddr3_480p_30fps_3\ov5640_480_272\src\fifo_top\fifo_ov5640.v'
Analyzing Verilog file 'E:\fpga\GoWin_code_self\6_cam_udp_ddr3_480p_30fps_3\ov5640_480_272\src\fifo_top\image_fifo.v'
Analyzing Verilog file 'E:\fpga\GoWin_code_self\6_cam_udp_ddr3_480p_30fps_3\ov5640_480_272\src\gmii_to_rgmii.v'
Analyzing Verilog file 'E:\fpga\GoWin_code_self\6_cam_udp_ddr3_480p_30fps_3\ov5640_480_272\src\gowin_pll\cmos_pll.v'
Analyzing Verilog file 'E:\fpga\GoWin_code_self\6_cam_udp_ddr3_480p_30fps_3\ov5640_480_272\src\gowin_pll\gmii_pll.v'
Analyzing Verilog file 'E:\fpga\GoWin_code_self\6_cam_udp_ddr3_480p_30fps_3\ov5640_480_272\src\gowin_pll\mem_clk.v'
Analyzing Verilog file 'E:\fpga\GoWin_code_self\6_cam_udp_ddr3_480p_30fps_3\ov5640_480_272\src\gowin_pll\rgmii_pll.v'
Analyzing Verilog file 'E:\fpga\GoWin_code_self\6_cam_udp_ddr3_480p_30fps_3\ov5640_480_272\src\gowin_pll\sys_pll.v'
Analyzing Verilog file 'E:\fpga\GoWin_code_self\6_cam_udp_ddr3_480p_30fps_3\ov5640_480_272\src\i2c_master\i2c_config.v'
Analyzing Verilog file 'E:\fpga\GoWin_code_self\6_cam_udp_ddr3_480p_30fps_3\ov5640_480_272\src\i2c_master\i2c_master_bit_ctrl.v'
Analyzing included file 'E:\fpga\GoWin_code_self\6_cam_udp_ddr3_480p_30fps_3\ov5640_480_272\src\i2c_master\i2c_master_defines.v'("E:\fpga\GoWin_code_self\6_cam_udp_ddr3_480p_30fps_3\ov5640_480_272\src\i2c_master\i2c_master_bit_ctrl.v":141)
Back to file 'E:\fpga\GoWin_code_self\6_cam_udp_ddr3_480p_30fps_3\ov5640_480_272\src\i2c_master\i2c_master_bit_ctrl.v'("E:\fpga\GoWin_code_self\6_cam_udp_ddr3_480p_30fps_3\ov5640_480_272\src\i2c_master\i2c_master_bit_ctrl.v":141)
Analyzing Verilog file 'E:\fpga\GoWin_code_self\6_cam_udp_ddr3_480p_30fps_3\ov5640_480_272\src\i2c_master\i2c_master_byte_ctrl.v'
Analyzing included file 'E:\fpga\GoWin_code_self\6_cam_udp_ddr3_480p_30fps_3\ov5640_480_272\src\i2c_master\i2c_master_defines.v'("E:\fpga\GoWin_code_self\6_cam_udp_ddr3_480p_30fps_3\ov5640_480_272\src\i2c_master\i2c_master_byte_ctrl.v":73)
Back to file 'E:\fpga\GoWin_code_self\6_cam_udp_ddr3_480p_30fps_3\ov5640_480_272\src\i2c_master\i2c_master_byte_ctrl.v'("E:\fpga\GoWin_code_self\6_cam_udp_ddr3_480p_30fps_3\ov5640_480_272\src\i2c_master\i2c_master_byte_ctrl.v":73)
Analyzing Verilog file 'E:\fpga\GoWin_code_self\6_cam_udp_ddr3_480p_30fps_3\ov5640_480_272\src\i2c_master\i2c_master_defines.v'
Analyzing Verilog file 'E:\fpga\GoWin_code_self\6_cam_udp_ddr3_480p_30fps_3\ov5640_480_272\src\i2c_master\i2c_master_top.v'
Analyzing Verilog file 'E:\fpga\GoWin_code_self\6_cam_udp_ddr3_480p_30fps_3\ov5640_480_272\src\i2c_master\timescale.v'
Analyzing Verilog file 'E:\fpga\GoWin_code_self\6_cam_udp_ddr3_480p_30fps_3\ov5640_480_272\src\image_data.v'
WARN  (EX3801) : Parameter 'IDLE' becomes localparam in 'image_data' with formal parameter declaration list("E:\fpga\GoWin_code_self\6_cam_udp_ddr3_480p_30fps_3\ov5640_480_272\src\image_data.v":30)
WARN  (EX3801) : Parameter 'FIRST_BAG' becomes localparam in 'image_data' with formal parameter declaration list("E:\fpga\GoWin_code_self\6_cam_udp_ddr3_480p_30fps_3\ov5640_480_272\src\image_data.v":31)
WARN  (EX3801) : Parameter 'COM_BAG' becomes localparam in 'image_data' with formal parameter declaration list("E:\fpga\GoWin_code_self\6_cam_udp_ddr3_480p_30fps_3\ov5640_480_272\src\image_data.v":32)
WARN  (EX3801) : Parameter 'LAST_BAG' becomes localparam in 'image_data' with formal parameter declaration list("E:\fpga\GoWin_code_self\6_cam_udp_ddr3_480p_30fps_3\ov5640_480_272\src\image_data.v":33)
WARN  (EX3801) : Parameter 'BAG_WAIT' becomes localparam in 'image_data' with formal parameter declaration list("E:\fpga\GoWin_code_self\6_cam_udp_ddr3_480p_30fps_3\ov5640_480_272\src\image_data.v":34)
WARN  (EX3801) : Parameter 'FRAME_END' becomes localparam in 'image_data' with formal parameter declaration list("E:\fpga\GoWin_code_self\6_cam_udp_ddr3_480p_30fps_3\ov5640_480_272\src\image_data.v":35)
Analyzing Verilog file 'E:\fpga\GoWin_code_self\6_cam_udp_ddr3_480p_30fps_3\ov5640_480_272\src\image_format.v'
Analyzing Verilog file 'E:\fpga\GoWin_code_self\6_cam_udp_ddr3_480p_30fps_3\ov5640_480_272\src\lut_ov5640_rgb565_480_272.v'
Analyzing Verilog file 'E:\fpga\GoWin_code_self\6_cam_udp_ddr3_480p_30fps_3\ov5640_480_272\src\ov5640_data.v'
Analyzing Verilog file 'E:\fpga\GoWin_code_self\6_cam_udp_ddr3_480p_30fps_3\ov5640_480_272\src\ov5640_top.v'
Undeclared symbol 'clk50m', assumed default net type 'wire'("E:\fpga\GoWin_code_self\6_cam_udp_ddr3_480p_30fps_3\ov5640_480_272\src\ov5640_top.v":39)
Analyzing Verilog file 'E:\fpga\GoWin_code_self\6_cam_udp_ddr3_480p_30fps_3\ov5640_480_272\src\rgmii_rx.v'
Analyzing Verilog file 'E:\fpga\GoWin_code_self\6_cam_udp_ddr3_480p_30fps_3\ov5640_480_272\src\rgmii_tx.v'
Analyzing Verilog file 'E:\fpga\GoWin_code_self\6_cam_udp_ddr3_480p_30fps_3\ov5640_480_272\src\top.v'
WARN  (EX2830) : Data object 'transfer_flag' is already declared("E:\fpga\GoWin_code_self\6_cam_udp_ddr3_480p_30fps_3\ov5640_480_272\src\top.v":81)
Previous declaration of 'transfer_flag' is from here("E:\fpga\GoWin_code_self\6_cam_udp_ddr3_480p_30fps_3\ov5640_480_272\src\top.v":78)
WARN  (EX3671) : Second declaration of 'transfer_flag' is ignored("E:\fpga\GoWin_code_self\6_cam_udp_ddr3_480p_30fps_3\ov5640_480_272\src\top.v":81)
WARN  (EX2830) : Data object 'rd_vsync' is already declared("E:\fpga\GoWin_code_self\6_cam_udp_ddr3_480p_30fps_3\ov5640_480_272\src\top.v":114)
Previous declaration of 'rd_vsync' is from here("E:\fpga\GoWin_code_self\6_cam_udp_ddr3_480p_30fps_3\ov5640_480_272\src\top.v":90)
WARN  (EX3671) : Second declaration of 'rd_vsync' is ignored("E:\fpga\GoWin_code_self\6_cam_udp_ddr3_480p_30fps_3\ov5640_480_272\src\top.v":114)
Undeclared symbol 'cmos_clk', assumed default net type 'wire'("E:\fpga\GoWin_code_self\6_cam_udp_ddr3_480p_30fps_3\ov5640_480_272\src\top.v":141)
WARN  (EX2830) : Data object 'cfg_done' is already declared("E:\fpga\GoWin_code_self\6_cam_udp_ddr3_480p_30fps_3\ov5640_480_272\src\top.v":164)
Previous declaration of 'cfg_done' is from here("E:\fpga\GoWin_code_self\6_cam_udp_ddr3_480p_30fps_3\ov5640_480_272\src\top.v":133)
WARN  (EX3671) : Second declaration of 'cfg_done' is ignored("E:\fpga\GoWin_code_self\6_cam_udp_ddr3_480p_30fps_3\ov5640_480_272\src\top.v":164)
Undeclared symbol 'gmii_rx_clk', assumed default net type 'wire'("E:\fpga\GoWin_code_self\6_cam_udp_ddr3_480p_30fps_3\ov5640_480_272\src\top.v":247)
Analyzing Verilog file 'E:\fpga\GoWin_code_self\6_cam_udp_ddr3_480p_30fps_3\ov5640_480_272\src\udp.v'
WARN  (EX3786) : Assignment to input 'des_mac'("E:\fpga\GoWin_code_self\6_cam_udp_ddr3_480p_30fps_3\ov5640_480_272\src\udp.v":34)
WARN  (EX3786) : Assignment to input 'des_ip'("E:\fpga\GoWin_code_self\6_cam_udp_ddr3_480p_30fps_3\ov5640_480_272\src\udp.v":35)
Analyzing Verilog file 'E:\fpga\GoWin_code_self\6_cam_udp_ddr3_480p_30fps_3\ov5640_480_272\src\udp_ctrl.v'
Analyzing Verilog file 'E:\fpga\GoWin_code_self\6_cam_udp_ddr3_480p_30fps_3\ov5640_480_272\src\udp_rx.v'
Analyzing Verilog file 'E:\fpga\GoWin_code_self\6_cam_udp_ddr3_480p_30fps_3\ov5640_480_272\src\udp_tx.v'
Analyzing Verilog file 'E:\fpga\GoWin_code_self\6_cam_udp_ddr3_480p_30fps_3\ov5640_480_272\src\video_frame_buffer\video_frame_buffer.v'
Compiling module 'top'("E:\fpga\GoWin_code_self\6_cam_udp_ddr3_480p_30fps_3\ov5640_480_272\src\top.v":1)
Compiling module 'sys_pll'("E:\fpga\GoWin_code_self\6_cam_udp_ddr3_480p_30fps_3\ov5640_480_272\src\gowin_pll\sys_pll.v":10)
Compiling module 'cmos_pll'("E:\fpga\GoWin_code_self\6_cam_udp_ddr3_480p_30fps_3\ov5640_480_272\src\gowin_pll\cmos_pll.v":10)
Compiling module 'mem_clk'("E:\fpga\GoWin_code_self\6_cam_udp_ddr3_480p_30fps_3\ov5640_480_272\src\gowin_pll\mem_clk.v":10)
Compiling module 'gmii_pll'("E:\fpga\GoWin_code_self\6_cam_udp_ddr3_480p_30fps_3\ov5640_480_272\src\gowin_pll\gmii_pll.v":10)
Compiling module 'ov5640_top'("E:\fpga\GoWin_code_self\6_cam_udp_ddr3_480p_30fps_3\ov5640_480_272\src\ov5640_top.v":1)
Compiling module 'i2c_config'("E:\fpga\GoWin_code_self\6_cam_udp_ddr3_480p_30fps_3\ov5640_480_272\src\i2c_master\i2c_config.v":1)
Compiling module 'i2c_master_top'("E:\fpga\GoWin_code_self\6_cam_udp_ddr3_480p_30fps_3\ov5640_480_272\src\i2c_master\i2c_master_top.v":1)
Compiling module 'i2c_master_byte_ctrl'("E:\fpga\GoWin_code_self\6_cam_udp_ddr3_480p_30fps_3\ov5640_480_272\src\i2c_master\i2c_master_byte_ctrl.v":75)
Compiling module 'i2c_master_bit_ctrl'("E:\fpga\GoWin_code_self\6_cam_udp_ddr3_480p_30fps_3\ov5640_480_272\src\i2c_master\i2c_master_bit_ctrl.v":143)
WARN  (EX2629) : Delay control is not supported for synthesis("E:\fpga\GoWin_code_self\6_cam_udp_ddr3_480p_30fps_3\ov5640_480_272\src\i2c_master\i2c_master_bit_ctrl.v":194)
WARN  (EX2629) : Delay control is not supported for synthesis("E:\fpga\GoWin_code_self\6_cam_udp_ddr3_480p_30fps_3\ov5640_480_272\src\i2c_master\i2c_master_bit_ctrl.v":211)
WARN  (EX2629) : Delay control is not supported for synthesis("E:\fpga\GoWin_code_self\6_cam_udp_ddr3_480p_30fps_3\ov5640_480_272\src\i2c_master\i2c_master_bit_ctrl.v":212)
WARN  (EX2629) : Delay control is not supported for synthesis("E:\fpga\GoWin_code_self\6_cam_udp_ddr3_480p_30fps_3\ov5640_480_272\src\i2c_master\i2c_master_bit_ctrl.v":216)
WARN  (EX2629) : Delay control is not supported for synthesis("E:\fpga\GoWin_code_self\6_cam_udp_ddr3_480p_30fps_3\ov5640_480_272\src\i2c_master\i2c_master_bit_ctrl.v":217)
WARN  (EX2629) : Delay control is not supported for synthesis("E:\fpga\GoWin_code_self\6_cam_udp_ddr3_480p_30fps_3\ov5640_480_272\src\i2c_master\i2c_master_bit_ctrl.v":221)
WARN  (EX2629) : Delay control is not supported for synthesis("E:\fpga\GoWin_code_self\6_cam_udp_ddr3_480p_30fps_3\ov5640_480_272\src\i2c_master\i2c_master_bit_ctrl.v":222)
WARN  (EX2629) : Delay control is not supported for synthesis("E:\fpga\GoWin_code_self\6_cam_udp_ddr3_480p_30fps_3\ov5640_480_272\src\i2c_master\i2c_master_bit_ctrl.v":226)
WARN  (EX2629) : Delay control is not supported for synthesis("E:\fpga\GoWin_code_self\6_cam_udp_ddr3_480p_30fps_3\ov5640_480_272\src\i2c_master\i2c_master_bit_ctrl.v":227)
WARN  (EX2629) : Delay control is not supported for synthesis("E:\fpga\GoWin_code_self\6_cam_udp_ddr3_480p_30fps_3\ov5640_480_272\src\i2c_master\i2c_master_bit_ctrl.v":238)
WARN  (EX2629) : Delay control is not supported for synthesis("E:\fpga\GoWin_code_self\6_cam_udp_ddr3_480p_30fps_3\ov5640_480_272\src\i2c_master\i2c_master_bit_ctrl.v":239)
WARN  (EX2629) : Delay control is not supported for synthesis("E:\fpga\GoWin_code_self\6_cam_udp_ddr3_480p_30fps_3\ov5640_480_272\src\i2c_master\i2c_master_bit_ctrl.v":243)
WARN  (EX2629) : Delay control is not supported for synthesis("E:\fpga\GoWin_code_self\6_cam_udp_ddr3_480p_30fps_3\ov5640_480_272\src\i2c_master\i2c_master_bit_ctrl.v":244)
WARN  (EX3791) : Expression size 32 truncated to fit in target size 14("E:\fpga\GoWin_code_self\6_cam_udp_ddr3_480p_30fps_3\ov5640_480_272\src\i2c_master\i2c_master_bit_ctrl.v":258)
WARN  (EX2629) : Delay control is not supported for synthesis("E:\fpga\GoWin_code_self\6_cam_udp_ddr3_480p_30fps_3\ov5640_480_272\src\i2c_master\i2c_master_bit_ctrl.v":283)
WARN  (EX2629) : Delay control is not supported for synthesis("E:\fpga\GoWin_code_self\6_cam_udp_ddr3_480p_30fps_3\ov5640_480_272\src\i2c_master\i2c_master_bit_ctrl.v":284)
WARN  (EX2629) : Delay control is not supported for synthesis("E:\fpga\GoWin_code_self\6_cam_udp_ddr3_480p_30fps_3\ov5640_480_272\src\i2c_master\i2c_master_bit_ctrl.v":286)
WARN  (EX2629) : Delay control is not supported for synthesis("E:\fpga\GoWin_code_self\6_cam_udp_ddr3_480p_30fps_3\ov5640_480_272\src\i2c_master\i2c_master_bit_ctrl.v":287)
WARN  (EX2629) : Delay control is not supported for synthesis("E:\fpga\GoWin_code_self\6_cam_udp_ddr3_480p_30fps_3\ov5640_480_272\src\i2c_master\i2c_master_bit_ctrl.v":291)
WARN  (EX2629) : Delay control is not supported for synthesis("E:\fpga\GoWin_code_self\6_cam_udp_ddr3_480p_30fps_3\ov5640_480_272\src\i2c_master\i2c_master_bit_ctrl.v":292)
WARN  (EX2629) : Delay control is not supported for synthesis("E:\fpga\GoWin_code_self\6_cam_udp_ddr3_480p_30fps_3\ov5640_480_272\src\i2c_master\i2c_master_bit_ctrl.v":294)
WARN  (EX2629) : Delay control is not supported for synthesis("E:\fpga\GoWin_code_self\6_cam_udp_ddr3_480p_30fps_3\ov5640_480_272\src\i2c_master\i2c_master_bit_ctrl.v":295)
WARN  (EX2629) : Delay control is not supported for synthesis("E:\fpga\GoWin_code_self\6_cam_udp_ddr3_480p_30fps_3\ov5640_480_272\src\i2c_master\i2c_master_bit_ctrl.v":299)
WARN  (EX2629) : Delay control is not supported for synthesis("E:\fpga\GoWin_code_self\6_cam_udp_ddr3_480p_30fps_3\ov5640_480_272\src\i2c_master\i2c_master_bit_ctrl.v":300)
WARN  (EX2629) : Delay control is not supported for synthesis("E:\fpga\GoWin_code_self\6_cam_udp_ddr3_480p_30fps_3\ov5640_480_272\src\i2c_master\i2c_master_bit_ctrl.v":302)
WARN  (EX2629) : Delay control is not supported for synthesis("E:\fpga\GoWin_code_self\6_cam_udp_ddr3_480p_30fps_3\ov5640_480_272\src\i2c_master\i2c_master_bit_ctrl.v":303)
WARN  (EX2629) : Delay control is not supported for synthesis("E:\fpga\GoWin_code_self\6_cam_udp_ddr3_480p_30fps_3\ov5640_480_272\src\i2c_master\i2c_master_bit_ctrl.v":313)
WARN  (EX2629) : Delay control is not supported for synthesis("E:\fpga\GoWin_code_self\6_cam_udp_ddr3_480p_30fps_3\ov5640_480_272\src\i2c_master\i2c_master_bit_ctrl.v":314)
WARN  (EX2629) : Delay control is not supported for synthesis("E:\fpga\GoWin_code_self\6_cam_udp_ddr3_480p_30fps_3\ov5640_480_272\src\i2c_master\i2c_master_bit_ctrl.v":318)
WARN  (EX2629) : Delay control is not supported for synthesis("E:\fpga\GoWin_code_self\6_cam_udp_ddr3_480p_30fps_3\ov5640_480_272\src\i2c_master\i2c_master_bit_ctrl.v":319)
WARN  (EX2629) : Delay control is not supported for synthesis("E:\fpga\GoWin_code_self\6_cam_udp_ddr3_480p_30fps_3\ov5640_480_272\src\i2c_master\i2c_master_bit_ctrl.v":323)
WARN  (EX2629) : Delay control is not supported for synthesis("E:\fpga\GoWin_code_self\6_cam_udp_ddr3_480p_30fps_3\ov5640_480_272\src\i2c_master\i2c_master_bit_ctrl.v":324)
WARN  (EX2629) : Delay control is not supported for synthesis("E:\fpga\GoWin_code_self\6_cam_udp_ddr3_480p_30fps_3\ov5640_480_272\src\i2c_master\i2c_master_bit_ctrl.v":330)
WARN  (EX2629) : Delay control is not supported for synthesis("E:\fpga\GoWin_code_self\6_cam_udp_ddr3_480p_30fps_3\ov5640_480_272\src\i2c_master\i2c_master_bit_ctrl.v":331)
WARN  (EX2629) : Delay control is not supported for synthesis("E:\fpga\GoWin_code_self\6_cam_udp_ddr3_480p_30fps_3\ov5640_480_272\src\i2c_master\i2c_master_bit_ctrl.v":332)
WARN  (EX2629) : Delay control is not supported for synthesis("E:\fpga\GoWin_code_self\6_cam_udp_ddr3_480p_30fps_3\ov5640_480_272\src\i2c_master\i2c_master_bit_ctrl.v":342)
WARN  (EX2629) : Delay control is not supported for synthesis("E:\fpga\GoWin_code_self\6_cam_udp_ddr3_480p_30fps_3\ov5640_480_272\src\i2c_master\i2c_master_bit_ctrl.v":344)
WARN  (EX2629) : Delay control is not supported for synthesis("E:\fpga\GoWin_code_self\6_cam_udp_ddr3_480p_30fps_3\ov5640_480_272\src\i2c_master\i2c_master_bit_ctrl.v":346)
WARN  (EX2629) : Delay control is not supported for synthesis("E:\fpga\GoWin_code_self\6_cam_udp_ddr3_480p_30fps_3\ov5640_480_272\src\i2c_master\i2c_master_bit_ctrl.v":350)
WARN  (EX2629) : Delay control is not supported for synthesis("E:\fpga\GoWin_code_self\6_cam_udp_ddr3_480p_30fps_3\ov5640_480_272\src\i2c_master\i2c_master_bit_ctrl.v":352)
WARN  (EX2629) : Delay control is not supported for synthesis("E:\fpga\GoWin_code_self\6_cam_udp_ddr3_480p_30fps_3\ov5640_480_272\src\i2c_master\i2c_master_bit_ctrl.v":354)
WARN  (EX2629) : Delay control is not supported for synthesis("E:\fpga\GoWin_code_self\6_cam_udp_ddr3_480p_30fps_3\ov5640_480_272\src\i2c_master\i2c_master_bit_ctrl.v":359)
WARN  (EX2629) : Delay control is not supported for synthesis("E:\fpga\GoWin_code_self\6_cam_udp_ddr3_480p_30fps_3\ov5640_480_272\src\i2c_master\i2c_master_bit_ctrl.v":387)
WARN  (EX2629) : Delay control is not supported for synthesis("E:\fpga\GoWin_code_self\6_cam_udp_ddr3_480p_30fps_3\ov5640_480_272\src\i2c_master\i2c_master_bit_ctrl.v":388)
WARN  (EX2629) : Delay control is not supported for synthesis("E:\fpga\GoWin_code_self\6_cam_udp_ddr3_480p_30fps_3\ov5640_480_272\src\i2c_master\i2c_master_bit_ctrl.v":389)
WARN  (EX2629) : Delay control is not supported for synthesis("E:\fpga\GoWin_code_self\6_cam_udp_ddr3_480p_30fps_3\ov5640_480_272\src\i2c_master\i2c_master_bit_ctrl.v":390)
WARN  (EX2629) : Delay control is not supported for synthesis("E:\fpga\GoWin_code_self\6_cam_udp_ddr3_480p_30fps_3\ov5640_480_272\src\i2c_master\i2c_master_bit_ctrl.v":391)
WARN  (EX2629) : Delay control is not supported for synthesis("E:\fpga\GoWin_code_self\6_cam_udp_ddr3_480p_30fps_3\ov5640_480_272\src\i2c_master\i2c_master_bit_ctrl.v":395)
WARN  (EX2629) : Delay control is not supported for synthesis("E:\fpga\GoWin_code_self\6_cam_udp_ddr3_480p_30fps_3\ov5640_480_272\src\i2c_master\i2c_master_bit_ctrl.v":396)
WARN  (EX2629) : Delay control is not supported for synthesis("E:\fpga\GoWin_code_self\6_cam_udp_ddr3_480p_30fps_3\ov5640_480_272\src\i2c_master\i2c_master_bit_ctrl.v":397)
WARN  (EX2629) : Delay control is not supported for synthesis("E:\fpga\GoWin_code_self\6_cam_udp_ddr3_480p_30fps_3\ov5640_480_272\src\i2c_master\i2c_master_bit_ctrl.v":398)
WARN  (EX2629) : Delay control is not supported for synthesis("E:\fpga\GoWin_code_self\6_cam_udp_ddr3_480p_30fps_3\ov5640_480_272\src\i2c_master\i2c_master_bit_ctrl.v":399)
WARN  (EX2629) : Delay control is not supported for synthesis("E:\fpga\GoWin_code_self\6_cam_udp_ddr3_480p_30fps_3\ov5640_480_272\src\i2c_master\i2c_master_bit_ctrl.v":403)
WARN  (EX2629) : Delay control is not supported for synthesis("E:\fpga\GoWin_code_self\6_cam_udp_ddr3_480p_30fps_3\ov5640_480_272\src\i2c_master\i2c_master_bit_ctrl.v":411)
WARN  (EX2629) : Delay control is not supported for synthesis("E:\fpga\GoWin_code_self\6_cam_udp_ddr3_480p_30fps_3\ov5640_480_272\src\i2c_master\i2c_master_bit_ctrl.v":412)
WARN  (EX2629) : Delay control is not supported for synthesis("E:\fpga\GoWin_code_self\6_cam_udp_ddr3_480p_30fps_3\ov5640_480_272\src\i2c_master\i2c_master_bit_ctrl.v":413)
WARN  (EX2629) : Delay control is not supported for synthesis("E:\fpga\GoWin_code_self\6_cam_udp_ddr3_480p_30fps_3\ov5640_480_272\src\i2c_master\i2c_master_bit_ctrl.v":414)
WARN  (EX2629) : Delay control is not supported for synthesis("E:\fpga\GoWin_code_self\6_cam_udp_ddr3_480p_30fps_3\ov5640_480_272\src\i2c_master\i2c_master_bit_ctrl.v":415)
WARN  (EX2629) : Delay control is not supported for synthesis("E:\fpga\GoWin_code_self\6_cam_udp_ddr3_480p_30fps_3\ov5640_480_272\src\i2c_master\i2c_master_bit_ctrl.v":418)
WARN  (EX2629) : Delay control is not supported for synthesis("E:\fpga\GoWin_code_self\6_cam_udp_ddr3_480p_30fps_3\ov5640_480_272\src\i2c_master\i2c_master_bit_ctrl.v":419)
WARN  (EX2629) : Delay control is not supported for synthesis("E:\fpga\GoWin_code_self\6_cam_udp_ddr3_480p_30fps_3\ov5640_480_272\src\i2c_master\i2c_master_bit_ctrl.v":420)
WARN  (EX2629) : Delay control is not supported for synthesis("E:\fpga\GoWin_code_self\6_cam_udp_ddr3_480p_30fps_3\ov5640_480_272\src\i2c_master\i2c_master_bit_ctrl.v":426)
WARN  (EX2629) : Delay control is not supported for synthesis("E:\fpga\GoWin_code_self\6_cam_udp_ddr3_480p_30fps_3\ov5640_480_272\src\i2c_master\i2c_master_bit_ctrl.v":427)
WARN  (EX2629) : Delay control is not supported for synthesis("E:\fpga\GoWin_code_self\6_cam_udp_ddr3_480p_30fps_3\ov5640_480_272\src\i2c_master\i2c_master_bit_ctrl.v":428)
WARN  (EX2629) : Delay control is not supported for synthesis("E:\fpga\GoWin_code_self\6_cam_udp_ddr3_480p_30fps_3\ov5640_480_272\src\i2c_master\i2c_master_bit_ctrl.v":429)
WARN  (EX2629) : Delay control is not supported for synthesis("E:\fpga\GoWin_code_self\6_cam_udp_ddr3_480p_30fps_3\ov5640_480_272\src\i2c_master\i2c_master_bit_ctrl.v":434)
WARN  (EX2629) : Delay control is not supported for synthesis("E:\fpga\GoWin_code_self\6_cam_udp_ddr3_480p_30fps_3\ov5640_480_272\src\i2c_master\i2c_master_bit_ctrl.v":435)
WARN  (EX2629) : Delay control is not supported for synthesis("E:\fpga\GoWin_code_self\6_cam_udp_ddr3_480p_30fps_3\ov5640_480_272\src\i2c_master\i2c_master_bit_ctrl.v":436)
WARN  (EX2629) : Delay control is not supported for synthesis("E:\fpga\GoWin_code_self\6_cam_udp_ddr3_480p_30fps_3\ov5640_480_272\src\i2c_master\i2c_master_bit_ctrl.v":437)
WARN  (EX2629) : Delay control is not supported for synthesis("E:\fpga\GoWin_code_self\6_cam_udp_ddr3_480p_30fps_3\ov5640_480_272\src\i2c_master\i2c_master_bit_ctrl.v":442)
WARN  (EX2629) : Delay control is not supported for synthesis("E:\fpga\GoWin_code_self\6_cam_udp_ddr3_480p_30fps_3\ov5640_480_272\src\i2c_master\i2c_master_bit_ctrl.v":443)
WARN  (EX2629) : Delay control is not supported for synthesis("E:\fpga\GoWin_code_self\6_cam_udp_ddr3_480p_30fps_3\ov5640_480_272\src\i2c_master\i2c_master_bit_ctrl.v":444)
WARN  (EX2629) : Delay control is not supported for synthesis("E:\fpga\GoWin_code_self\6_cam_udp_ddr3_480p_30fps_3\ov5640_480_272\src\i2c_master\i2c_master_bit_ctrl.v":445)
WARN  (EX2629) : Delay control is not supported for synthesis("E:\fpga\GoWin_code_self\6_cam_udp_ddr3_480p_30fps_3\ov5640_480_272\src\i2c_master\i2c_master_bit_ctrl.v":450)
WARN  (EX2629) : Delay control is not supported for synthesis("E:\fpga\GoWin_code_self\6_cam_udp_ddr3_480p_30fps_3\ov5640_480_272\src\i2c_master\i2c_master_bit_ctrl.v":451)
WARN  (EX2629) : Delay control is not supported for synthesis("E:\fpga\GoWin_code_self\6_cam_udp_ddr3_480p_30fps_3\ov5640_480_272\src\i2c_master\i2c_master_bit_ctrl.v":452)
WARN  (EX2629) : Delay control is not supported for synthesis("E:\fpga\GoWin_code_self\6_cam_udp_ddr3_480p_30fps_3\ov5640_480_272\src\i2c_master\i2c_master_bit_ctrl.v":453)
WARN  (EX2629) : Delay control is not supported for synthesis("E:\fpga\GoWin_code_self\6_cam_udp_ddr3_480p_30fps_3\ov5640_480_272\src\i2c_master\i2c_master_bit_ctrl.v":458)
WARN  (EX2629) : Delay control is not supported for synthesis("E:\fpga\GoWin_code_self\6_cam_udp_ddr3_480p_30fps_3\ov5640_480_272\src\i2c_master\i2c_master_bit_ctrl.v":459)
WARN  (EX2629) : Delay control is not supported for synthesis("E:\fpga\GoWin_code_self\6_cam_udp_ddr3_480p_30fps_3\ov5640_480_272\src\i2c_master\i2c_master_bit_ctrl.v":460)
WARN  (EX2629) : Delay control is not supported for synthesis("E:\fpga\GoWin_code_self\6_cam_udp_ddr3_480p_30fps_3\ov5640_480_272\src\i2c_master\i2c_master_bit_ctrl.v":461)
WARN  (EX2629) : Delay control is not supported for synthesis("E:\fpga\GoWin_code_self\6_cam_udp_ddr3_480p_30fps_3\ov5640_480_272\src\i2c_master\i2c_master_bit_ctrl.v":462)
WARN  (EX2629) : Delay control is not supported for synthesis("E:\fpga\GoWin_code_self\6_cam_udp_ddr3_480p_30fps_3\ov5640_480_272\src\i2c_master\i2c_master_bit_ctrl.v":468)
WARN  (EX2629) : Delay control is not supported for synthesis("E:\fpga\GoWin_code_self\6_cam_udp_ddr3_480p_30fps_3\ov5640_480_272\src\i2c_master\i2c_master_bit_ctrl.v":469)
WARN  (EX2629) : Delay control is not supported for synthesis("E:\fpga\GoWin_code_self\6_cam_udp_ddr3_480p_30fps_3\ov5640_480_272\src\i2c_master\i2c_master_bit_ctrl.v":470)
WARN  (EX2629) : Delay control is not supported for synthesis("E:\fpga\GoWin_code_self\6_cam_udp_ddr3_480p_30fps_3\ov5640_480_272\src\i2c_master\i2c_master_bit_ctrl.v":471)
WARN  (EX2629) : Delay control is not supported for synthesis("E:\fpga\GoWin_code_self\6_cam_udp_ddr3_480p_30fps_3\ov5640_480_272\src\i2c_master\i2c_master_bit_ctrl.v":476)
WARN  (EX2629) : Delay control is not supported for synthesis("E:\fpga\GoWin_code_self\6_cam_udp_ddr3_480p_30fps_3\ov5640_480_272\src\i2c_master\i2c_master_bit_ctrl.v":477)
WARN  (EX2629) : Delay control is not supported for synthesis("E:\fpga\GoWin_code_self\6_cam_udp_ddr3_480p_30fps_3\ov5640_480_272\src\i2c_master\i2c_master_bit_ctrl.v":478)
WARN  (EX2629) : Delay control is not supported for synthesis("E:\fpga\GoWin_code_self\6_cam_udp_ddr3_480p_30fps_3\ov5640_480_272\src\i2c_master\i2c_master_bit_ctrl.v":479)
WARN  (EX2629) : Delay control is not supported for synthesis("E:\fpga\GoWin_code_self\6_cam_udp_ddr3_480p_30fps_3\ov5640_480_272\src\i2c_master\i2c_master_bit_ctrl.v":484)
WARN  (EX2629) : Delay control is not supported for synthesis("E:\fpga\GoWin_code_self\6_cam_udp_ddr3_480p_30fps_3\ov5640_480_272\src\i2c_master\i2c_master_bit_ctrl.v":485)
WARN  (EX2629) : Delay control is not supported for synthesis("E:\fpga\GoWin_code_self\6_cam_udp_ddr3_480p_30fps_3\ov5640_480_272\src\i2c_master\i2c_master_bit_ctrl.v":486)
WARN  (EX2629) : Delay control is not supported for synthesis("E:\fpga\GoWin_code_self\6_cam_udp_ddr3_480p_30fps_3\ov5640_480_272\src\i2c_master\i2c_master_bit_ctrl.v":487)
WARN  (EX2629) : Delay control is not supported for synthesis("E:\fpga\GoWin_code_self\6_cam_udp_ddr3_480p_30fps_3\ov5640_480_272\src\i2c_master\i2c_master_bit_ctrl.v":492)
WARN  (EX2629) : Delay control is not supported for synthesis("E:\fpga\GoWin_code_self\6_cam_udp_ddr3_480p_30fps_3\ov5640_480_272\src\i2c_master\i2c_master_bit_ctrl.v":493)
WARN  (EX2629) : Delay control is not supported for synthesis("E:\fpga\GoWin_code_self\6_cam_udp_ddr3_480p_30fps_3\ov5640_480_272\src\i2c_master\i2c_master_bit_ctrl.v":494)
WARN  (EX2629) : Delay control is not supported for synthesis("E:\fpga\GoWin_code_self\6_cam_udp_ddr3_480p_30fps_3\ov5640_480_272\src\i2c_master\i2c_master_bit_ctrl.v":495)
WARN  (EX2629) : Delay control is not supported for synthesis("E:\fpga\GoWin_code_self\6_cam_udp_ddr3_480p_30fps_3\ov5640_480_272\src\i2c_master\i2c_master_bit_ctrl.v":496)
WARN  (EX2629) : Delay control is not supported for synthesis("E:\fpga\GoWin_code_self\6_cam_udp_ddr3_480p_30fps_3\ov5640_480_272\src\i2c_master\i2c_master_bit_ctrl.v":502)
WARN  (EX2629) : Delay control is not supported for synthesis("E:\fpga\GoWin_code_self\6_cam_udp_ddr3_480p_30fps_3\ov5640_480_272\src\i2c_master\i2c_master_bit_ctrl.v":503)
WARN  (EX2629) : Delay control is not supported for synthesis("E:\fpga\GoWin_code_self\6_cam_udp_ddr3_480p_30fps_3\ov5640_480_272\src\i2c_master\i2c_master_bit_ctrl.v":504)
WARN  (EX2629) : Delay control is not supported for synthesis("E:\fpga\GoWin_code_self\6_cam_udp_ddr3_480p_30fps_3\ov5640_480_272\src\i2c_master\i2c_master_bit_ctrl.v":505)
WARN  (EX2629) : Delay control is not supported for synthesis("E:\fpga\GoWin_code_self\6_cam_udp_ddr3_480p_30fps_3\ov5640_480_272\src\i2c_master\i2c_master_bit_ctrl.v":510)
WARN  (EX2629) : Delay control is not supported for synthesis("E:\fpga\GoWin_code_self\6_cam_udp_ddr3_480p_30fps_3\ov5640_480_272\src\i2c_master\i2c_master_bit_ctrl.v":511)
WARN  (EX2629) : Delay control is not supported for synthesis("E:\fpga\GoWin_code_self\6_cam_udp_ddr3_480p_30fps_3\ov5640_480_272\src\i2c_master\i2c_master_bit_ctrl.v":512)
WARN  (EX2629) : Delay control is not supported for synthesis("E:\fpga\GoWin_code_self\6_cam_udp_ddr3_480p_30fps_3\ov5640_480_272\src\i2c_master\i2c_master_bit_ctrl.v":513)
WARN  (EX2629) : Delay control is not supported for synthesis("E:\fpga\GoWin_code_self\6_cam_udp_ddr3_480p_30fps_3\ov5640_480_272\src\i2c_master\i2c_master_bit_ctrl.v":518)
WARN  (EX2629) : Delay control is not supported for synthesis("E:\fpga\GoWin_code_self\6_cam_udp_ddr3_480p_30fps_3\ov5640_480_272\src\i2c_master\i2c_master_bit_ctrl.v":519)
WARN  (EX2629) : Delay control is not supported for synthesis("E:\fpga\GoWin_code_self\6_cam_udp_ddr3_480p_30fps_3\ov5640_480_272\src\i2c_master\i2c_master_bit_ctrl.v":520)
WARN  (EX2629) : Delay control is not supported for synthesis("E:\fpga\GoWin_code_self\6_cam_udp_ddr3_480p_30fps_3\ov5640_480_272\src\i2c_master\i2c_master_bit_ctrl.v":521)
WARN  (EX2629) : Delay control is not supported for synthesis("E:\fpga\GoWin_code_self\6_cam_udp_ddr3_480p_30fps_3\ov5640_480_272\src\i2c_master\i2c_master_bit_ctrl.v":526)
WARN  (EX2629) : Delay control is not supported for synthesis("E:\fpga\GoWin_code_self\6_cam_udp_ddr3_480p_30fps_3\ov5640_480_272\src\i2c_master\i2c_master_bit_ctrl.v":527)
WARN  (EX2629) : Delay control is not supported for synthesis("E:\fpga\GoWin_code_self\6_cam_udp_ddr3_480p_30fps_3\ov5640_480_272\src\i2c_master\i2c_master_bit_ctrl.v":528)
WARN  (EX2629) : Delay control is not supported for synthesis("E:\fpga\GoWin_code_self\6_cam_udp_ddr3_480p_30fps_3\ov5640_480_272\src\i2c_master\i2c_master_bit_ctrl.v":529)
WARN  (EX2629) : Delay control is not supported for synthesis("E:\fpga\GoWin_code_self\6_cam_udp_ddr3_480p_30fps_3\ov5640_480_272\src\i2c_master\i2c_master_bit_ctrl.v":530)
WARN  (EX2629) : Delay control is not supported for synthesis("E:\fpga\GoWin_code_self\6_cam_udp_ddr3_480p_30fps_3\ov5640_480_272\src\i2c_master\i2c_master_bit_ctrl.v":536)
WARN  (EX2629) : Delay control is not supported for synthesis("E:\fpga\GoWin_code_self\6_cam_udp_ddr3_480p_30fps_3\ov5640_480_272\src\i2c_master\i2c_master_bit_ctrl.v":537)
WARN  (EX2629) : Delay control is not supported for synthesis("E:\fpga\GoWin_code_self\6_cam_udp_ddr3_480p_30fps_3\ov5640_480_272\src\i2c_master\i2c_master_bit_ctrl.v":538)
WARN  (EX2629) : Delay control is not supported for synthesis("E:\fpga\GoWin_code_self\6_cam_udp_ddr3_480p_30fps_3\ov5640_480_272\src\i2c_master\i2c_master_bit_ctrl.v":539)
WARN  (EX2629) : Delay control is not supported for synthesis("E:\fpga\GoWin_code_self\6_cam_udp_ddr3_480p_30fps_3\ov5640_480_272\src\i2c_master\i2c_master_bit_ctrl.v":544)
WARN  (EX2629) : Delay control is not supported for synthesis("E:\fpga\GoWin_code_self\6_cam_udp_ddr3_480p_30fps_3\ov5640_480_272\src\i2c_master\i2c_master_bit_ctrl.v":545)
WARN  (EX2629) : Delay control is not supported for synthesis("E:\fpga\GoWin_code_self\6_cam_udp_ddr3_480p_30fps_3\ov5640_480_272\src\i2c_master\i2c_master_bit_ctrl.v":546)
WARN  (EX2629) : Delay control is not supported for synthesis("E:\fpga\GoWin_code_self\6_cam_udp_ddr3_480p_30fps_3\ov5640_480_272\src\i2c_master\i2c_master_bit_ctrl.v":547)
WARN  (EX2629) : Delay control is not supported for synthesis("E:\fpga\GoWin_code_self\6_cam_udp_ddr3_480p_30fps_3\ov5640_480_272\src\i2c_master\i2c_master_bit_ctrl.v":553)
WARN  (EX2629) : Delay control is not supported for synthesis("E:\fpga\GoWin_code_self\6_cam_udp_ddr3_480p_30fps_3\ov5640_480_272\src\i2c_master\i2c_master_bit_ctrl.v":554)
WARN  (EX2629) : Delay control is not supported for synthesis("E:\fpga\GoWin_code_self\6_cam_udp_ddr3_480p_30fps_3\ov5640_480_272\src\i2c_master\i2c_master_bit_ctrl.v":555)
WARN  (EX2629) : Delay control is not supported for synthesis("E:\fpga\GoWin_code_self\6_cam_udp_ddr3_480p_30fps_3\ov5640_480_272\src\i2c_master\i2c_master_bit_ctrl.v":556)
WARN  (EX2629) : Delay control is not supported for synthesis("E:\fpga\GoWin_code_self\6_cam_udp_ddr3_480p_30fps_3\ov5640_480_272\src\i2c_master\i2c_master_bit_ctrl.v":561)
WARN  (EX2629) : Delay control is not supported for synthesis("E:\fpga\GoWin_code_self\6_cam_udp_ddr3_480p_30fps_3\ov5640_480_272\src\i2c_master\i2c_master_bit_ctrl.v":562)
WARN  (EX2629) : Delay control is not supported for synthesis("E:\fpga\GoWin_code_self\6_cam_udp_ddr3_480p_30fps_3\ov5640_480_272\src\i2c_master\i2c_master_bit_ctrl.v":563)
WARN  (EX2629) : Delay control is not supported for synthesis("E:\fpga\GoWin_code_self\6_cam_udp_ddr3_480p_30fps_3\ov5640_480_272\src\i2c_master\i2c_master_bit_ctrl.v":564)
WARN  (EX2629) : Delay control is not supported for synthesis("E:\fpga\GoWin_code_self\6_cam_udp_ddr3_480p_30fps_3\ov5640_480_272\src\i2c_master\i2c_master_bit_ctrl.v":565)
WARN  (EX3827) : Synthesis - simulation differences may occur when using full_case directive("E:\fpga\GoWin_code_self\6_cam_udp_ddr3_480p_30fps_3\ov5640_480_272\src\i2c_master\i2c_master_bit_ctrl.v":406)
WARN  (EX2629) : Delay control is not supported for synthesis("E:\fpga\GoWin_code_self\6_cam_udp_ddr3_480p_30fps_3\ov5640_480_272\src\i2c_master\i2c_master_byte_ctrl.v":175)
WARN  (EX2629) : Delay control is not supported for synthesis("E:\fpga\GoWin_code_self\6_cam_udp_ddr3_480p_30fps_3\ov5640_480_272\src\i2c_master\i2c_master_byte_ctrl.v":177)
WARN  (EX2629) : Delay control is not supported for synthesis("E:\fpga\GoWin_code_self\6_cam_udp_ddr3_480p_30fps_3\ov5640_480_272\src\i2c_master\i2c_master_byte_ctrl.v":179)
WARN  (EX2629) : Delay control is not supported for synthesis("E:\fpga\GoWin_code_self\6_cam_udp_ddr3_480p_30fps_3\ov5640_480_272\src\i2c_master\i2c_master_byte_ctrl.v":181)
WARN  (EX2629) : Delay control is not supported for synthesis("E:\fpga\GoWin_code_self\6_cam_udp_ddr3_480p_30fps_3\ov5640_480_272\src\i2c_master\i2c_master_byte_ctrl.v":186)
WARN  (EX2629) : Delay control is not supported for synthesis("E:\fpga\GoWin_code_self\6_cam_udp_ddr3_480p_30fps_3\ov5640_480_272\src\i2c_master\i2c_master_byte_ctrl.v":188)
WARN  (EX2629) : Delay control is not supported for synthesis("E:\fpga\GoWin_code_self\6_cam_udp_ddr3_480p_30fps_3\ov5640_480_272\src\i2c_master\i2c_master_byte_ctrl.v":190)
WARN  (EX2629) : Delay control is not supported for synthesis("E:\fpga\GoWin_code_self\6_cam_udp_ddr3_480p_30fps_3\ov5640_480_272\src\i2c_master\i2c_master_byte_ctrl.v":192)
WARN  (EX2629) : Delay control is not supported for synthesis("E:\fpga\GoWin_code_self\6_cam_udp_ddr3_480p_30fps_3\ov5640_480_272\src\i2c_master\i2c_master_byte_ctrl.v":204)
WARN  (EX2629) : Delay control is not supported for synthesis("E:\fpga\GoWin_code_self\6_cam_udp_ddr3_480p_30fps_3\ov5640_480_272\src\i2c_master\i2c_master_byte_ctrl.v":205)
WARN  (EX2629) : Delay control is not supported for synthesis("E:\fpga\GoWin_code_self\6_cam_udp_ddr3_480p_30fps_3\ov5640_480_272\src\i2c_master\i2c_master_byte_ctrl.v":206)
WARN  (EX2629) : Delay control is not supported for synthesis("E:\fpga\GoWin_code_self\6_cam_udp_ddr3_480p_30fps_3\ov5640_480_272\src\i2c_master\i2c_master_byte_ctrl.v":207)
WARN  (EX2629) : Delay control is not supported for synthesis("E:\fpga\GoWin_code_self\6_cam_udp_ddr3_480p_30fps_3\ov5640_480_272\src\i2c_master\i2c_master_byte_ctrl.v":208)
WARN  (EX2629) : Delay control is not supported for synthesis("E:\fpga\GoWin_code_self\6_cam_udp_ddr3_480p_30fps_3\ov5640_480_272\src\i2c_master\i2c_master_byte_ctrl.v":209)
WARN  (EX2629) : Delay control is not supported for synthesis("E:\fpga\GoWin_code_self\6_cam_udp_ddr3_480p_30fps_3\ov5640_480_272\src\i2c_master\i2c_master_byte_ctrl.v":210)
WARN  (EX2629) : Delay control is not supported for synthesis("E:\fpga\GoWin_code_self\6_cam_udp_ddr3_480p_30fps_3\ov5640_480_272\src\i2c_master\i2c_master_byte_ctrl.v":214)
WARN  (EX2629) : Delay control is not supported for synthesis("E:\fpga\GoWin_code_self\6_cam_udp_ddr3_480p_30fps_3\ov5640_480_272\src\i2c_master\i2c_master_byte_ctrl.v":215)
WARN  (EX2629) : Delay control is not supported for synthesis("E:\fpga\GoWin_code_self\6_cam_udp_ddr3_480p_30fps_3\ov5640_480_272\src\i2c_master\i2c_master_byte_ctrl.v":216)
WARN  (EX2629) : Delay control is not supported for synthesis("E:\fpga\GoWin_code_self\6_cam_udp_ddr3_480p_30fps_3\ov5640_480_272\src\i2c_master\i2c_master_byte_ctrl.v":217)
WARN  (EX2629) : Delay control is not supported for synthesis("E:\fpga\GoWin_code_self\6_cam_udp_ddr3_480p_30fps_3\ov5640_480_272\src\i2c_master\i2c_master_byte_ctrl.v":218)
WARN  (EX2629) : Delay control is not supported for synthesis("E:\fpga\GoWin_code_self\6_cam_udp_ddr3_480p_30fps_3\ov5640_480_272\src\i2c_master\i2c_master_byte_ctrl.v":219)
WARN  (EX2629) : Delay control is not supported for synthesis("E:\fpga\GoWin_code_self\6_cam_udp_ddr3_480p_30fps_3\ov5640_480_272\src\i2c_master\i2c_master_byte_ctrl.v":220)
WARN  (EX2629) : Delay control is not supported for synthesis("E:\fpga\GoWin_code_self\6_cam_udp_ddr3_480p_30fps_3\ov5640_480_272\src\i2c_master\i2c_master_byte_ctrl.v":225)
WARN  (EX2629) : Delay control is not supported for synthesis("E:\fpga\GoWin_code_self\6_cam_udp_ddr3_480p_30fps_3\ov5640_480_272\src\i2c_master\i2c_master_byte_ctrl.v":226)
WARN  (EX2629) : Delay control is not supported for synthesis("E:\fpga\GoWin_code_self\6_cam_udp_ddr3_480p_30fps_3\ov5640_480_272\src\i2c_master\i2c_master_byte_ctrl.v":227)
WARN  (EX2629) : Delay control is not supported for synthesis("E:\fpga\GoWin_code_self\6_cam_udp_ddr3_480p_30fps_3\ov5640_480_272\src\i2c_master\i2c_master_byte_ctrl.v":228)
WARN  (EX2629) : Delay control is not supported for synthesis("E:\fpga\GoWin_code_self\6_cam_udp_ddr3_480p_30fps_3\ov5640_480_272\src\i2c_master\i2c_master_byte_ctrl.v":236)
WARN  (EX2629) : Delay control is not supported for synthesis("E:\fpga\GoWin_code_self\6_cam_udp_ddr3_480p_30fps_3\ov5640_480_272\src\i2c_master\i2c_master_byte_ctrl.v":237)
WARN  (EX2629) : Delay control is not supported for synthesis("E:\fpga\GoWin_code_self\6_cam_udp_ddr3_480p_30fps_3\ov5640_480_272\src\i2c_master\i2c_master_byte_ctrl.v":241)
WARN  (EX2629) : Delay control is not supported for synthesis("E:\fpga\GoWin_code_self\6_cam_udp_ddr3_480p_30fps_3\ov5640_480_272\src\i2c_master\i2c_master_byte_ctrl.v":242)
WARN  (EX2629) : Delay control is not supported for synthesis("E:\fpga\GoWin_code_self\6_cam_udp_ddr3_480p_30fps_3\ov5640_480_272\src\i2c_master\i2c_master_byte_ctrl.v":246)
WARN  (EX2629) : Delay control is not supported for synthesis("E:\fpga\GoWin_code_self\6_cam_udp_ddr3_480p_30fps_3\ov5640_480_272\src\i2c_master\i2c_master_byte_ctrl.v":247)
WARN  (EX2629) : Delay control is not supported for synthesis("E:\fpga\GoWin_code_self\6_cam_udp_ddr3_480p_30fps_3\ov5640_480_272\src\i2c_master\i2c_master_byte_ctrl.v":251)
WARN  (EX2629) : Delay control is not supported for synthesis("E:\fpga\GoWin_code_self\6_cam_udp_ddr3_480p_30fps_3\ov5640_480_272\src\i2c_master\i2c_master_byte_ctrl.v":252)
WARN  (EX2629) : Delay control is not supported for synthesis("E:\fpga\GoWin_code_self\6_cam_udp_ddr3_480p_30fps_3\ov5640_480_272\src\i2c_master\i2c_master_byte_ctrl.v":255)
WARN  (EX2629) : Delay control is not supported for synthesis("E:\fpga\GoWin_code_self\6_cam_udp_ddr3_480p_30fps_3\ov5640_480_272\src\i2c_master\i2c_master_byte_ctrl.v":263)
WARN  (EX2629) : Delay control is not supported for synthesis("E:\fpga\GoWin_code_self\6_cam_udp_ddr3_480p_30fps_3\ov5640_480_272\src\i2c_master\i2c_master_byte_ctrl.v":264)
WARN  (EX2629) : Delay control is not supported for synthesis("E:\fpga\GoWin_code_self\6_cam_udp_ddr3_480p_30fps_3\ov5640_480_272\src\i2c_master\i2c_master_byte_ctrl.v":268)
WARN  (EX2629) : Delay control is not supported for synthesis("E:\fpga\GoWin_code_self\6_cam_udp_ddr3_480p_30fps_3\ov5640_480_272\src\i2c_master\i2c_master_byte_ctrl.v":269)
WARN  (EX2629) : Delay control is not supported for synthesis("E:\fpga\GoWin_code_self\6_cam_udp_ddr3_480p_30fps_3\ov5640_480_272\src\i2c_master\i2c_master_byte_ctrl.v":272)
WARN  (EX2629) : Delay control is not supported for synthesis("E:\fpga\GoWin_code_self\6_cam_udp_ddr3_480p_30fps_3\ov5640_480_272\src\i2c_master\i2c_master_byte_ctrl.v":279)
WARN  (EX2629) : Delay control is not supported for synthesis("E:\fpga\GoWin_code_self\6_cam_udp_ddr3_480p_30fps_3\ov5640_480_272\src\i2c_master\i2c_master_byte_ctrl.v":280)
WARN  (EX2629) : Delay control is not supported for synthesis("E:\fpga\GoWin_code_self\6_cam_udp_ddr3_480p_30fps_3\ov5640_480_272\src\i2c_master\i2c_master_byte_ctrl.v":284)
WARN  (EX2629) : Delay control is not supported for synthesis("E:\fpga\GoWin_code_self\6_cam_udp_ddr3_480p_30fps_3\ov5640_480_272\src\i2c_master\i2c_master_byte_ctrl.v":285)
WARN  (EX2629) : Delay control is not supported for synthesis("E:\fpga\GoWin_code_self\6_cam_udp_ddr3_480p_30fps_3\ov5640_480_272\src\i2c_master\i2c_master_byte_ctrl.v":286)
WARN  (EX2629) : Delay control is not supported for synthesis("E:\fpga\GoWin_code_self\6_cam_udp_ddr3_480p_30fps_3\ov5640_480_272\src\i2c_master\i2c_master_byte_ctrl.v":294)
WARN  (EX2629) : Delay control is not supported for synthesis("E:\fpga\GoWin_code_self\6_cam_udp_ddr3_480p_30fps_3\ov5640_480_272\src\i2c_master\i2c_master_byte_ctrl.v":295)
WARN  (EX2629) : Delay control is not supported for synthesis("E:\fpga\GoWin_code_self\6_cam_udp_ddr3_480p_30fps_3\ov5640_480_272\src\i2c_master\i2c_master_byte_ctrl.v":299)
WARN  (EX2629) : Delay control is not supported for synthesis("E:\fpga\GoWin_code_self\6_cam_udp_ddr3_480p_30fps_3\ov5640_480_272\src\i2c_master\i2c_master_byte_ctrl.v":300)
WARN  (EX2629) : Delay control is not supported for synthesis("E:\fpga\GoWin_code_self\6_cam_udp_ddr3_480p_30fps_3\ov5640_480_272\src\i2c_master\i2c_master_byte_ctrl.v":303)
WARN  (EX2629) : Delay control is not supported for synthesis("E:\fpga\GoWin_code_self\6_cam_udp_ddr3_480p_30fps_3\ov5640_480_272\src\i2c_master\i2c_master_byte_ctrl.v":304)
WARN  (EX2629) : Delay control is not supported for synthesis("E:\fpga\GoWin_code_self\6_cam_udp_ddr3_480p_30fps_3\ov5640_480_272\src\i2c_master\i2c_master_byte_ctrl.v":312)
WARN  (EX2629) : Delay control is not supported for synthesis("E:\fpga\GoWin_code_self\6_cam_udp_ddr3_480p_30fps_3\ov5640_480_272\src\i2c_master\i2c_master_byte_ctrl.v":313)
WARN  (EX2629) : Delay control is not supported for synthesis("E:\fpga\GoWin_code_self\6_cam_udp_ddr3_480p_30fps_3\ov5640_480_272\src\i2c_master\i2c_master_byte_ctrl.v":317)
WARN  (EX2629) : Delay control is not supported for synthesis("E:\fpga\GoWin_code_self\6_cam_udp_ddr3_480p_30fps_3\ov5640_480_272\src\i2c_master\i2c_master_byte_ctrl.v":318)
WARN  (EX2629) : Delay control is not supported for synthesis("E:\fpga\GoWin_code_self\6_cam_udp_ddr3_480p_30fps_3\ov5640_480_272\src\i2c_master\i2c_master_byte_ctrl.v":321)
WARN  (EX2629) : Delay control is not supported for synthesis("E:\fpga\GoWin_code_self\6_cam_udp_ddr3_480p_30fps_3\ov5640_480_272\src\i2c_master\i2c_master_byte_ctrl.v":325)
WARN  (EX2629) : Delay control is not supported for synthesis("E:\fpga\GoWin_code_self\6_cam_udp_ddr3_480p_30fps_3\ov5640_480_272\src\i2c_master\i2c_master_byte_ctrl.v":327)
WARN  (EX2629) : Delay control is not supported for synthesis("E:\fpga\GoWin_code_self\6_cam_udp_ddr3_480p_30fps_3\ov5640_480_272\src\i2c_master\i2c_master_byte_ctrl.v":330)
WARN  (EX2629) : Delay control is not supported for synthesis("E:\fpga\GoWin_code_self\6_cam_udp_ddr3_480p_30fps_3\ov5640_480_272\src\i2c_master\i2c_master_byte_ctrl.v":335)
WARN  (EX2629) : Delay control is not supported for synthesis("E:\fpga\GoWin_code_self\6_cam_udp_ddr3_480p_30fps_3\ov5640_480_272\src\i2c_master\i2c_master_byte_ctrl.v":336)
WARN  (EX2629) : Delay control is not supported for synthesis("E:\fpga\GoWin_code_self\6_cam_udp_ddr3_480p_30fps_3\ov5640_480_272\src\i2c_master\i2c_master_byte_ctrl.v":339)
WARN  (EX3827) : Synthesis - simulation differences may occur when using full_case directive("E:\fpga\GoWin_code_self\6_cam_udp_ddr3_480p_30fps_3\ov5640_480_272\src\i2c_master\i2c_master_byte_ctrl.v":230)
WARN  (EX1998) : Net 'i2c_read_req' does not have a driver("E:\fpga\GoWin_code_self\6_cam_udp_ddr3_480p_30fps_3\ov5640_480_272\src\i2c_master\i2c_config.v":28)
Compiling module 'lut_ov5640_rgb565_480_272'("E:\fpga\GoWin_code_self\6_cam_udp_ddr3_480p_30fps_3\ov5640_480_272\src\lut_ov5640_rgb565_480_272.v":1)
WARN  (EX2420) : Latch inferred for net 'cfg_done'; We do not recommend the use of latches in FPGA designs, as they may lead to timing problems("E:\fpga\GoWin_code_self\6_cam_udp_ddr3_480p_30fps_3\ov5640_480_272\src\lut_ov5640_rgb565_480_272.v":308)
Compiling module 'ov5640_data'("E:\fpga\GoWin_code_self\6_cam_udp_ddr3_480p_30fps_3\ov5640_480_272\src\ov5640_data.v":3)
WARN  (EX1998) : Net 'clk50m' does not have a driver("E:\fpga\GoWin_code_self\6_cam_udp_ddr3_480p_30fps_3\ov5640_480_272\src\ov5640_top.v":39)
Compiling module 'image_format'("E:\fpga\GoWin_code_self\6_cam_udp_ddr3_480p_30fps_3\ov5640_480_272\src\image_format.v":3)
Compiling module 'image_data(H_PIXEL=30'b000000000000000000001010000000,V_PIXEL=30'b000000000000000000000111011111)'("E:\fpga\GoWin_code_self\6_cam_udp_ddr3_480p_30fps_3\ov5640_480_272\src\image_data.v":3)
Compiling module 'fifo_sc_top'("E:\fpga\GoWin_code_self\6_cam_udp_ddr3_480p_30fps_3\ov5640_480_272\src\fifo_sc_top\image_data_fifo.v":286)
Compiling module '**'("E:\fpga\GoWin_code_self\6_cam_udp_ddr3_480p_30fps_3\ov5640_480_272\src\fifo_sc_top\image_data_fifo.v":0)
Compiling module 'eth_udp_loop(BOARD_MAC=48'b000000000001000100100010001100110100010001010101,BOARD_IP=32'b11000000101010000000000100001010,DES_MAC=48'b111111111111111111111111111111111111111111111111,DES_IP=32'b11000000101010000000000101100110)'("E:\fpga\GoWin_code_self\6_cam_udp_ddr3_480p_30fps_3\ov5640_480_272\src\eth_udp_loop.v":1)
Compiling module 'gmii_to_rgmii'("E:\fpga\GoWin_code_self\6_cam_udp_ddr3_480p_30fps_3\ov5640_480_272\src\gmii_to_rgmii.v":54)
Compiling module 'rgmii_rx'("E:\fpga\GoWin_code_self\6_cam_udp_ddr3_480p_30fps_3\ov5640_480_272\src\rgmii_rx.v":1)
Compiling module 'rgmii_pll'("E:\fpga\GoWin_code_self\6_cam_udp_ddr3_480p_30fps_3\ov5640_480_272\src\gowin_pll\rgmii_pll.v":10)
WARN  (EX3073) : Port 'Q1' remains unconnected for this instance("E:\fpga\GoWin_code_self\6_cam_udp_ddr3_480p_30fps_3\ov5640_480_272\src\rgmii_tx.v":27)
Compiling module 'rgmii_tx'("E:\fpga\GoWin_code_self\6_cam_udp_ddr3_480p_30fps_3\ov5640_480_272\src\rgmii_tx.v":1)
WARN  (EX2565) : Input 'TX' on this instance is undriven. Assigning to 0, simulation mismatch possible. Please assign the input or remove the declaration("E:\fpga\GoWin_code_self\6_cam_udp_ddr3_480p_30fps_3\ov5640_480_272\src\rgmii_tx.v":27)
WARN  (EX2565) : Input 'TX' on this instance is undriven. Assigning to 0, simulation mismatch possible. Please assign the input or remove the declaration("E:\fpga\GoWin_code_self\6_cam_udp_ddr3_480p_30fps_3\ov5640_480_272\src\rgmii_tx.v":41)
WARN  (EX2565) : Input 'TX' on this instance is undriven. Assigning to 0, simulation mismatch possible. Please assign the input or remove the declaration("E:\fpga\GoWin_code_self\6_cam_udp_ddr3_480p_30fps_3\ov5640_480_272\src\rgmii_tx.v":41)
WARN  (EX2565) : Input 'TX' on this instance is undriven. Assigning to 0, simulation mismatch possible. Please assign the input or remove the declaration("E:\fpga\GoWin_code_self\6_cam_udp_ddr3_480p_30fps_3\ov5640_480_272\src\rgmii_tx.v":41)
WARN  (EX2565) : Input 'TX' on this instance is undriven. Assigning to 0, simulation mismatch possible. Please assign the input or remove the declaration("E:\fpga\GoWin_code_self\6_cam_udp_ddr3_480p_30fps_3\ov5640_480_272\src\rgmii_tx.v":41)
WARN  (EX2565) : Input 'gmii_tx_clk_deg' on this instance is undriven. Assigning to 0, simulation mismatch possible. Please assign the input or remove the declaration("E:\fpga\GoWin_code_self\6_cam_udp_ddr3_480p_30fps_3\ov5640_480_272\src\gmii_to_rgmii.v":97)
Compiling module 'udp(BOARD_MAC=48'b000000000001000100100010001100110100010001010101,BOARD_IP=32'b11000000101010000000000100001010,DES_MAC=48'b111111111111111111111111111111111111111111111111,DES_IP=32'b11000000101010000000000101100110)'("E:\fpga\GoWin_code_self\6_cam_udp_ddr3_480p_30fps_3\ov5640_480_272\src\udp.v":1)
Driving port 'des_mac[47]' is declared here("E:\fpga\GoWin_code_self\6_cam_udp_ddr3_480p_30fps_3\ov5640_480_272\src\udp.v":18)
Driving port 'des_ip[31]' is declared here("E:\fpga\GoWin_code_self\6_cam_udp_ddr3_480p_30fps_3\ov5640_480_272\src\udp.v":19)
Compiling module 'udp_rx(BOARD_MAC=48'b000000000001000100100010001100110100010001010101,BOARD_IP=32'b11000000101010000000000100001010)'("E:\fpga\GoWin_code_self\6_cam_udp_ddr3_480p_30fps_3\ov5640_480_272\src\udp_rx.v":1)
Compiling module 'udp_tx(BOARD_MAC=48'b000000000001000100100010001100110100010001010101,BOARD_IP=32'b11000000101010000000000100001010,DES_MAC=48'b111111111111111111111111111111111111111111111111,DES_IP=32'b11000000101010000000000101100110)'("E:\fpga\GoWin_code_self\6_cam_udp_ddr3_480p_30fps_3\ov5640_480_272\src\udp_tx.v":1)
Compiling module 'crc32_d8'("E:\fpga\GoWin_code_self\6_cam_udp_ddr3_480p_30fps_3\ov5640_480_272\src\crc32_d8.v":1)
Port is declared here("E:\fpga\GoWin_code_self\6_cam_udp_ddr3_480p_30fps_3\ov5640_480_272\src\udp.v":18)
Port is declared here("E:\fpga\GoWin_code_self\6_cam_udp_ddr3_480p_30fps_3\ov5640_480_272\src\udp.v":19)
WARN  (EX3670) : Actual bit length 1 differs from formal bit length 32 for port 'rec_data'("E:\fpga\GoWin_code_self\6_cam_udp_ddr3_480p_30fps_3\ov5640_480_272\src\eth_udp_loop.v":114)
WARN  (EX3670) : Actual bit length 1 differs from formal bit length 16 for port 'rec_byte_num'("E:\fpga\GoWin_code_self\6_cam_udp_ddr3_480p_30fps_3\ov5640_480_272\src\eth_udp_loop.v":115)
Compiling module 'udp_ctrl'("E:\fpga\GoWin_code_self\6_cam_udp_ddr3_480p_30fps_3\ov5640_480_272\src\udp_ctrl.v":1)
Compiling module 'ddr3_top'("E:\fpga\GoWin_code_self\6_cam_udp_ddr3_480p_30fps_3\ov5640_480_272\src\ddr3_top.v":1)
Compiling module 'video_frame_buffer'("E:\fpga\GoWin_code_self\6_cam_udp_ddr3_480p_30fps_3\ov5640_480_272\src\video_frame_buffer\video_frame_buffer.v":3778)
Compiling module '**'("E:\fpga\GoWin_code_self\6_cam_udp_ddr3_480p_30fps_3\ov5640_480_272\src\video_frame_buffer\video_frame_buffer.v":0)
Compiling module '**'("E:\fpga\GoWin_code_self\6_cam_udp_ddr3_480p_30fps_3\ov5640_480_272\src\video_frame_buffer\video_frame_buffer.v":0)
Compiling module '**'("E:\fpga\GoWin_code_self\6_cam_udp_ddr3_480p_30fps_3\ov5640_480_272\src\video_frame_buffer\video_frame_buffer.v":0)
Compiling module '**'("E:\fpga\GoWin_code_self\6_cam_udp_ddr3_480p_30fps_3\ov5640_480_272\src\video_frame_buffer\video_frame_buffer.v":0)
Compiling module '**'("E:\fpga\GoWin_code_self\6_cam_udp_ddr3_480p_30fps_3\ov5640_480_272\src\video_frame_buffer\video_frame_buffer.v":0)
Compiling module '**'("E:\fpga\GoWin_code_self\6_cam_udp_ddr3_480p_30fps_3\ov5640_480_272\src\video_frame_buffer\video_frame_buffer.v":0)
Compiling module '**'("E:\fpga\GoWin_code_self\6_cam_udp_ddr3_480p_30fps_3\ov5640_480_272\src\video_frame_buffer\video_frame_buffer.v":0)
Compiling module '**'("E:\fpga\GoWin_code_self\6_cam_udp_ddr3_480p_30fps_3\ov5640_480_272\src\video_frame_buffer\video_frame_buffer.v":0)
Compiling module 'DDR3_Memory_Interface_Top'("E:\fpga\GoWin_code_self\6_cam_udp_ddr3_480p_30fps_3\ov5640_480_272\src\ddr3_memory_interface\DDR3_Memory_Interface_Top.v":22356)
Compiling module '**'("E:\fpga\GoWin_code_self\6_cam_udp_ddr3_480p_30fps_3\ov5640_480_272\src\ddr3_memory_interface\DDR3_Memory_Interface_Top.v":0)
Compiling module '**'("E:\fpga\GoWin_code_self\6_cam_udp_ddr3_480p_30fps_3\ov5640_480_272\src\ddr3_memory_interface\DDR3_Memory_Interface_Top.v":0)
Compiling module '**'("E:\fpga\GoWin_code_self\6_cam_udp_ddr3_480p_30fps_3\ov5640_480_272\src\ddr3_memory_interface\DDR3_Memory_Interface_Top.v":0)
Compiling module '**'("E:\fpga\GoWin_code_self\6_cam_udp_ddr3_480p_30fps_3\ov5640_480_272\src\ddr3_memory_interface\DDR3_Memory_Interface_Top.v":0)
Compiling module '**'("E:\fpga\GoWin_code_self\6_cam_udp_ddr3_480p_30fps_3\ov5640_480_272\src\ddr3_memory_interface\DDR3_Memory_Interface_Top.v":0)
Compiling module '**'("E:\fpga\GoWin_code_self\6_cam_udp_ddr3_480p_30fps_3\ov5640_480_272\src\ddr3_memory_interface\DDR3_Memory_Interface_Top.v":0)
Compiling module '**'("E:\fpga\GoWin_code_self\6_cam_udp_ddr3_480p_30fps_3\ov5640_480_272\src\ddr3_memory_interface\DDR3_Memory_Interface_Top.v":0)
Compiling module '**'("E:\fpga\GoWin_code_self\6_cam_udp_ddr3_480p_30fps_3\ov5640_480_272\src\ddr3_memory_interface\DDR3_Memory_Interface_Top.v":0)
Compiling module '**'("E:\fpga\GoWin_code_self\6_cam_udp_ddr3_480p_30fps_3\ov5640_480_272\src\ddr3_memory_interface\DDR3_Memory_Interface_Top.v":0)
Compiling module '**'("E:\fpga\GoWin_code_self\6_cam_udp_ddr3_480p_30fps_3\ov5640_480_272\src\ddr3_memory_interface\DDR3_Memory_Interface_Top.v":0)
Compiling module '**'("E:\fpga\GoWin_code_self\6_cam_udp_ddr3_480p_30fps_3\ov5640_480_272\src\ddr3_memory_interface\DDR3_Memory_Interface_Top.v":0)
Compiling module '**'("E:\fpga\GoWin_code_self\6_cam_udp_ddr3_480p_30fps_3\ov5640_480_272\src\ddr3_memory_interface\DDR3_Memory_Interface_Top.v":0)
Compiling module '**'("E:\fpga\GoWin_code_self\6_cam_udp_ddr3_480p_30fps_3\ov5640_480_272\src\ddr3_memory_interface\DDR3_Memory_Interface_Top.v":0)
Compiling module '**'("E:\fpga\GoWin_code_self\6_cam_udp_ddr3_480p_30fps_3\ov5640_480_272\src\ddr3_memory_interface\DDR3_Memory_Interface_Top.v":0)
Compiling module '**'("E:\fpga\GoWin_code_self\6_cam_udp_ddr3_480p_30fps_3\ov5640_480_272\src\ddr3_memory_interface\DDR3_Memory_Interface_Top.v":0)
Compiling module '**'("E:\fpga\GoWin_code_self\6_cam_udp_ddr3_480p_30fps_3\ov5640_480_272\src\ddr3_memory_interface\DDR3_Memory_Interface_Top.v":0)
Compiling module '**'("E:\fpga\GoWin_code_self\6_cam_udp_ddr3_480p_30fps_3\ov5640_480_272\src\ddr3_memory_interface\DDR3_Memory_Interface_Top.v":0)
Compiling module '**'("E:\fpga\GoWin_code_self\6_cam_udp_ddr3_480p_30fps_3\ov5640_480_272\src\ddr3_memory_interface\DDR3_Memory_Interface_Top.v":0)
Compiling module '**'("E:\fpga\GoWin_code_self\6_cam_udp_ddr3_480p_30fps_3\ov5640_480_272\src\ddr3_memory_interface\DDR3_Memory_Interface_Top.v":0)
Compiling module '**'("E:\fpga\GoWin_code_self\6_cam_udp_ddr3_480p_30fps_3\ov5640_480_272\src\ddr3_memory_interface\DDR3_Memory_Interface_Top.v":0)
Compiling module '**'("E:\fpga\GoWin_code_self\6_cam_udp_ddr3_480p_30fps_3\ov5640_480_272\src\ddr3_memory_interface\DDR3_Memory_Interface_Top.v":0)
Compiling module '**'("E:\fpga\GoWin_code_self\6_cam_udp_ddr3_480p_30fps_3\ov5640_480_272\src\ddr3_memory_interface\DDR3_Memory_Interface_Top.v":0)
Compiling module '**'("E:\fpga\GoWin_code_self\6_cam_udp_ddr3_480p_30fps_3\ov5640_480_272\src\ddr3_memory_interface\DDR3_Memory_Interface_Top.v":0)
Compiling module '**'("E:\fpga\GoWin_code_self\6_cam_udp_ddr3_480p_30fps_3\ov5640_480_272\src\ddr3_memory_interface\DDR3_Memory_Interface_Top.v":0)
Compiling module '**'("E:\fpga\GoWin_code_self\6_cam_udp_ddr3_480p_30fps_3\ov5640_480_272\src\ddr3_memory_interface\DDR3_Memory_Interface_Top.v":0)
Compiling module '**'("E:\fpga\GoWin_code_self\6_cam_udp_ddr3_480p_30fps_3\ov5640_480_272\src\ddr3_memory_interface\DDR3_Memory_Interface_Top.v":0)
Compiling module '**'("E:\fpga\GoWin_code_self\6_cam_udp_ddr3_480p_30fps_3\ov5640_480_272\src\ddr3_memory_interface\DDR3_Memory_Interface_Top.v":0)
Compiling module '**'("E:\fpga\GoWin_code_self\6_cam_udp_ddr3_480p_30fps_3\ov5640_480_272\src\ddr3_memory_interface\DDR3_Memory_Interface_Top.v":0)
Compiling module '**'("E:\fpga\GoWin_code_self\6_cam_udp_ddr3_480p_30fps_3\ov5640_480_272\src\ddr3_memory_interface\DDR3_Memory_Interface_Top.v":0)
Compiling module '**'("E:\fpga\GoWin_code_self\6_cam_udp_ddr3_480p_30fps_3\ov5640_480_272\src\ddr3_memory_interface\DDR3_Memory_Interface_Top.v":0)
Compiling module '**'("E:\fpga\GoWin_code_self\6_cam_udp_ddr3_480p_30fps_3\ov5640_480_272\src\ddr3_memory_interface\DDR3_Memory_Interface_Top.v":0)
WARN  (EX3670) : Actual bit length 15 differs from formal bit length 14 for port 'O_ddr_addr'("E:\fpga\GoWin_code_self\6_cam_udp_ddr3_480p_30fps_3\ov5640_480_272\src\ddr3_top.v":181)
WARN  (EX3670) : Actual bit length 4 differs from formal bit length 2 for port 'O_ddr_dqm'("E:\fpga\GoWin_code_self\6_cam_udp_ddr3_480p_30fps_3\ov5640_480_272\src\ddr3_top.v":192)
WARN  (EX3670) : Actual bit length 4 differs from formal bit length 2 for port 'IO_ddr_dqs'("E:\fpga\GoWin_code_self\6_cam_udp_ddr3_480p_30fps_3\ov5640_480_272\src\ddr3_top.v":194)
WARN  (EX3670) : Actual bit length 4 differs from formal bit length 2 for port 'IO_ddr_dqs_n'("E:\fpga\GoWin_code_self\6_cam_udp_ddr3_480p_30fps_3\ov5640_480_272\src\ddr3_top.v":195)
WARN  (EX2565) : Input 'I_wr_halt[0]' on this instance is undriven. Assigning to 0, simulation mismatch possible. Please assign the input or remove the declaration("E:\fpga\GoWin_code_self\6_cam_udp_ddr3_480p_30fps_3\ov5640_480_272\src\ddr3_top.v":153)
WARN  (EX2565) : Input 'I_rd_halt[0]' on this instance is undriven. Assigning to 0, simulation mismatch possible. Please assign the input or remove the declaration("E:\fpga\GoWin_code_self\6_cam_udp_ddr3_480p_30fps_3\ov5640_480_272\src\ddr3_top.v":153)
WARN  (EX1998) : Net 'clkfb' does not have a driver("E:\fpga\GoWin_code_self\6_cam_udp_ddr3_480p_30fps_3\ov5640_480_272\src\top.v":153)
WARN  (EX2565) : Input 'transfer_flag' on this instance is undriven. Assigning to 0, simulation mismatch possible. Please assign the input or remove the declaration("E:\fpga\GoWin_code_self\6_cam_udp_ddr3_480p_30fps_3\ov5640_480_272\src\top.v":306)
NOTE  (EX0101) : Current top module is "top"
[5%] Running netlist conversion ...
WARN  (CV0016) : Input eth_rx_ctl is unused("E:\fpga\GoWin_code_self\6_cam_udp_ddr3_480p_30fps_3\ov5640_480_272\src\top.v":19)
WARN  (CV0016) : Input eth_rxd is unused("E:\fpga\GoWin_code_self\6_cam_udp_ddr3_480p_30fps_3\ov5640_480_272\src\top.v":20)
WARN  (CV0021) : Inout ddr_dqs[3:2] is unused("E:\fpga\GoWin_code_self\6_cam_udp_ddr3_480p_30fps_3\ov5640_480_272\src\top.v":42)
WARN  (CV0021) : Inout ddr_dqs_n[3:2] is unused("E:\fpga\GoWin_code_self\6_cam_udp_ddr3_480p_30fps_3\ov5640_480_272\src\top.v":43)
Running device independent optimization ...
[10%] Optimizing Phase 0 completed
[15%] Optimizing Phase 1 completed
[25%] Optimizing Phase 2 completed
Running inference ...
[30%] Inferring Phase 0 completed
[40%] Inferring Phase 1 completed
[50%] Inferring Phase 2 completed
[55%] Inferring Phase 3 completed
Running technical mapping ...
[60%] Tech-Mapping Phase 0 completed
[65%] Tech-Mapping Phase 1 completed
[75%] Tech-Mapping Phase 2 completed
[80%] Tech-Mapping Phase 3 completed
[90%] Tech-Mapping Phase 4 completed
WARN  (NL0002) : The module "image_format" instantiated to "image_format_inst" is swept in optimizing("E:\fpga\GoWin_code_self\6_cam_udp_ddr3_480p_30fps_3\ov5640_480_272\src\top.v":205)
WARN  (NL0002) : The module "udp_rx" instantiated to "u_udp_rx" is swept in optimizing("E:\fpga\GoWin_code_self\6_cam_udp_ddr3_480p_30fps_3\ov5640_480_272\src\udp.v":66)
[95%] Generate netlist file "E:\fpga\GoWin_code_self\6_cam_udp_ddr3_480p_30fps_3\ov5640_480_272\impl\gwsynthesis\ov5640_480_272.vg" completed
[100%] Generate report file "E:\fpga\GoWin_code_self\6_cam_udp_ddr3_480p_30fps_3\ov5640_480_272\impl\gwsynthesis\ov5640_480_272_syn.rpt.html" completed
GowinSynthesis finish
